<?xml version="1.0" encoding="UTF-8"?>
<!-- Generated by org.testng.reporters.JUnitReportReporter -->
<testsuite hostname="Mukeshs-MacBook-Air-2.local" failures="0" tests="1" name="com.learnautomation.sample.ExtentReport" time="0.821" errors="0" timestamp="2023-06-07T08:27:40 IST" skipped="0">
  <testcase classname="com.learnautomation.sample.ExtentReport" name="test1" time="0.821"/>
  <system-out/>
</testsuite> <!-- com.learnautomation.sample.ExtentReport -->
