<?xml version="1.0" encoding="UTF-8"?>
<!-- Generated by org.testng.reporters.JUnitReportReporter -->
<testsuite hostname="Mukeshs-MacBook-Air-2.local" failures="0" tests="1" name="com.learnautomatiom.testcases.SmokeTest" time="0.299" errors="0" timestamp="2023-06-16T07:57:54 IST" skipped="0">
  <testcase classname="com.learnautomatiom.testcases.SmokeTest" name="verifyURL" time="0.299"/>
  <system-out/>
</testsuite> <!-- com.learnautomatiom.testcases.SmokeTest -->
